<?xml version="1.0" encoding="UTF-8" ?>
<testsuite tests="25" failures="0" name="test1.DeduceTest" time="0.333" errors="0" skipped="0">
  <properties>
    <property name="java.runtime.name" value="Java(TM) SE Runtime Environment"/>
    <property name="sun.boot.library.path" value="C:\Program Files\Java\jdk1.8.0_201\jre\bin"/>
    <property name="java.vm.version" value="25.201-b09"/>
    <property name="java.vm.vendor" value="Oracle Corporation"/>
    <property name="maven.multiModuleProjectDirectory" value="C:\Users\Robert.Tenadze\Desktop\project\testmaven"/>
    <property name="java.vendor.url" value="http://java.oracle.com/"/>
    <property name="path.separator" value=";"/>
    <property name="guice.disable.misplaced.annotation.check" value="true"/>
    <property name="java.vm.name" value="Java HotSpot(TM) 64-Bit Server VM"/>
    <property name="file.encoding.pkg" value="sun.io"/>
    <property name="user.script" value=""/>
    <property name="user.country" value="US"/>
    <property name="sun.java.launcher" value="SUN_STANDARD"/>
    <property name="sun.os.patch.level" value=""/>
    <property name="java.vm.specification.name" value="Java Virtual Machine Specification"/>
    <property name="user.dir" value="C:\Users\Robert.Tenadze\Desktop\project\testmaven"/>
    <property name="java.runtime.version" value="1.8.0_201-b09"/>
    <property name="java.awt.graphicsenv" value="sun.awt.Win32GraphicsEnvironment"/>
    <property name="java.endorsed.dirs" value="C:\Program Files\Java\jdk1.8.0_201\jre\lib\endorsed"/>
    <property name="os.arch" value="amd64"/>
    <property name="java.io.tmpdir" value="C:\Users\ROBERT~1.TEN\AppData\Local\Temp\"/>
    <property name="line.separator" value="
"/>
    <property name="java.vm.specification.vendor" value="Oracle Corporation"/>
    <property name="user.variant" value=""/>
    <property name="os.name" value="Windows 10"/>
    <property name="classworlds.conf" value="C:\Program Files (x86)\maven\apache-maven-3.6.0\bin\..\bin\m2.conf"/>
    <property name="sun.jnu.encoding" value="Cp1251"/>
    <property name="java.library.path" value="C:\Program Files\Java\jdk1.8.0_201\bin;C:\Windows\Sun\Java\bin;C:\Windows\system32;C:\Windows;C:\Program Files\ConEmu\ConEmu\Scripts;C:\Program Files\ConEmu;C:\Program Files\ConEmu\ConEmu;C:\Program Files (x86)\Common Files\Oracle\Java\javapath;c:\Oracle\product\11.2.0\client_2\bin;c:\Oracle\product\11.2.0\client_1;C:\ProgramData\Oracle\Java\javapath;C:\Windows\system32;C:\Windows;C:\Windows\System32\Wbem;C:\Windows\System32\WindowsPowerShell\v1.0\;C:\Program Files (x86)\Microsoft SQL Server\100\Tools\Binn\;C:\Program Files\Microsoft SQL Server\100\Tools\Binn\;C:\Program Files\Microsoft SQL Server\100\DTS\Binn\;C:\Program Files\Java\jdk1.8.0_201\bin;C:\Program Files\Java\jdk1.8.0_201\lib;C:\Program Files (x86)\maven\apache-maven-3.6.0\bin;C:\ProgramData\chocolatey\bin;C:\Users\Robert.Tenadze\AppData\Local\GitHubDesktop\bin;."/>
    <property name="maven.conf" value="C:\Program Files (x86)\maven\apache-maven-3.6.0\bin\../conf"/>
    <property name="java.specification.name" value="Java Platform API Specification"/>
    <property name="java.class.version" value="52.0"/>
    <property name="sun.management.compiler" value="HotSpot 64-Bit Tiered Compilers"/>
    <property name="os.version" value="10.0"/>
    <property name="library.jansi.path" value="C:\Program Files (x86)\maven\apache-maven-3.6.0\bin\..\lib\jansi-native"/>
    <property name="user.home" value="C:\Users\Robert.Tenadze"/>
    <property name="user.timezone" value="Asia/Krasnoyarsk"/>
    <property name="java.awt.printerjob" value="sun.awt.windows.WPrinterJob"/>
    <property name="java.specification.version" value="1.8"/>
    <property name="file.encoding" value="Cp1251"/>
    <property name="user.name" value="Robert.Tenadze"/>
    <property name="java.class.path" value="C:\Program Files (x86)\maven\apache-maven-3.6.0\bin\..\boot\plexus-classworlds-2.5.2.jar"/>
    <property name="java.vm.specification.version" value="1.8"/>
    <property name="sun.arch.data.model" value="64"/>
    <property name="java.home" value="C:\Program Files\Java\jdk1.8.0_201\jre"/>
    <property name="sun.java.command" value="org.codehaus.plexus.classworlds.launcher.Launcher clean install"/>
    <property name="java.specification.vendor" value="Oracle Corporation"/>
    <property name="user.language" value="en"/>
    <property name="awt.toolkit" value="sun.awt.windows.WToolkit"/>
    <property name="java.vm.info" value="mixed mode"/>
    <property name="java.version" value="1.8.0_201"/>
    <property name="java.ext.dirs" value="C:\Program Files\Java\jdk1.8.0_201\jre\lib\ext;C:\Windows\Sun\Java\lib\ext"/>
    <property name="sun.boot.class.path" value="C:\Program Files\Java\jdk1.8.0_201\jre\lib\resources.jar;C:\Program Files\Java\jdk1.8.0_201\jre\lib\rt.jar;C:\Program Files\Java\jdk1.8.0_201\jre\lib\sunrsasign.jar;C:\Program Files\Java\jdk1.8.0_201\jre\lib\jsse.jar;C:\Program Files\Java\jdk1.8.0_201\jre\lib\jce.jar;C:\Program Files\Java\jdk1.8.0_201\jre\lib\charsets.jar;C:\Program Files\Java\jdk1.8.0_201\jre\lib\jfr.jar;C:\Program Files\Java\jdk1.8.0_201\jre\classes"/>
    <property name="sun.stderr.encoding" value="cp866"/>
    <property name="java.vendor" value="Oracle Corporation"/>
    <property name="maven.home" value="C:\Program Files (x86)\maven\apache-maven-3.6.0\bin\.."/>
    <property name="file.separator" value="\"/>
    <property name="java.vendor.url.bug" value="http://bugreport.sun.com/bugreport/"/>
    <property name="sun.cpu.endian" value="little"/>
    <property name="sun.io.unicode.encoding" value="UnicodeLittle"/>
    <property name="sun.stdout.encoding" value="cp866"/>
    <property name="sun.desktop" value="windows"/>
    <property name="sun.cpu.isalist" value="amd64"/>
  </properties>
  <testcase classname="test1.DeduceTest" name="testMainNoStrExFacts" time="0.02"/>
  <testcase classname="test1.DeduceTest" name="testMainWithNoErr" time="0.002"/>
  <testcase classname="test1.DeduceTest" name="testMainXmlWithNoAttribute" time="0.19"/>
  <testcase classname="test1.DeduceTest" name="testMainOpInRsultFact" time="0"/>
  <testcase classname="test1.DeduceTest" name="testMainIdealInput" time="0"/>
  <testcase classname="test1.DeduceTest" name="testMainLogicOperationErr" time="0.001"/>
  <testcase classname="test1.DeduceTest" name="testMainXmlWithNoErr" time="0.08"/>
  <testcase classname="test1.DeduceTest" name="testMainErrInOption" time="0.002"/>
  <testcase classname="test1.DeduceTest" name="testMainXmlWithErrInFact" time="0.005"/>
  <testcase classname="test1.DeduceTest" name="testMainExFactsErr" time="0.001"/>
  <testcase classname="test1.DeduceTest" name="testMainCommaInExpression" time="0.001"/>
  <testcase classname="test1.DeduceTest" name="testMainNoExpression" time="0.001"/>
  <testcase classname="test1.DeduceTest" name="testMainNoStrSep" time="0.001"/>
  <testcase classname="test1.DeduceTest" name="testMainFileNotFound" time="0.001"/>
  <testcase classname="test1.DeduceTest" name="testMainFirstStrErr" time="0.001"/>
  <testcase classname="test1.DeduceTest" name="testMainEmptyArgs" time="0.001"/>
  <testcase classname="test1.DeduceTest" name="testMainNoRuleResult" time="0.001"/>
  <testcase classname="test1.DeduceTest" name="testMainErrInArg" time="0"/>
  <testcase classname="test1.DeduceTest" name="testMainXmlWithNoFact" time="0.005"/>
  <testcase classname="test1.DeduceTest" name="testMainXmlWithNoRule" time="0.007"/>
  <testcase classname="test1.DeduceTest" name="testMainStrSepErr" time="0.002"/>
  <testcase classname="test1.DeduceTest" name="testMainErrInPath" time="0.004"/>
  <testcase classname="test1.DeduceTest" name="testMainOnlyLogicOperation" time="0.001"/>
  <testcase classname="test1.DeduceTest" name="testMainNullArgs" time="0"/>
  <testcase classname="test1.DeduceTest" name="testMainXmlWithNoOp" time="0.006"/>
</testsuite>